<?xml version="1.0" encoding="UTF-8"?>
<testng-results total="3" passed="3" failed="0" skipped="0">
  <reporter-output>
  </reporter-output>
  <suite started-at="2024-06-23T14:06:55Z" name="Test Suite for Buildout" finished-at="2024-06-23T14:11:17Z" duration-ms="262046">
    <groups>
    </groups>
    <test started-at="2024-06-23T14:06:55Z" name="Test Cases for Buildout" finished-at="2024-06-23T14:11:17Z" duration-ms="262046">
      <class name="demo.TestCases">
        <test-method is-config="true" signature="startBrowser()[pri:0, instance:demo.TestCases@63fdab07]" started-at="2024-06-23T19:36:55Z" name="startBrowser" finished-at="2024-06-23T19:36:58Z" duration-ms="2773" status="PASS">
          <reporter-output>
          </reporter-output>
        </test-method> <!-- startBrowser -->
        <test-method signature="testCase01()[pri:0, instance:demo.TestCases@63fdab07]" started-at="2024-06-23T19:36:58Z" name="testCase01" finished-at="2024-06-23T19:37:15Z" duration-ms="17813" status="PASS">
          <reporter-output>
          </reporter-output>
        </test-method> <!-- testCase01 -->
        <test-method signature="testCase02()[pri:0, instance:demo.TestCases@63fdab07]" started-at="2024-06-23T19:37:15Z" name="testCase02" finished-at="2024-06-23T19:37:32Z" duration-ms="16100" status="PASS">
          <reporter-output>
          </reporter-output>
        </test-method> <!-- testCase02 -->
        <test-method signature="testCase03()[pri:0, instance:demo.TestCases@63fdab07]" started-at="2024-06-23T19:37:32Z" name="testCase03" finished-at="2024-06-23T19:41:16Z" duration-ms="224347" status="PASS">
          <reporter-output>
          </reporter-output>
        </test-method> <!-- testCase03 -->
        <test-method is-config="true" signature="endTest()[pri:0, instance:demo.TestCases@63fdab07]" started-at="2024-06-23T19:41:16Z" name="endTest" finished-at="2024-06-23T19:41:17Z" duration-ms="999" status="PASS">
          <reporter-output>
          </reporter-output>
        </test-method> <!-- endTest -->
      </class> <!-- demo.TestCases -->
    </test> <!-- Test Cases for Buildout -->
  </suite> <!-- Test Suite for Buildout -->
</testng-results>
